<?xml version="1.0" encoding="UTF-8"?>
<testsuite xmlns:xsi="http://www.w3.org/2001/XMLSchema-instance" xsi:noNamespaceSchemaLocation="https://maven.apache.org/surefire/maven-surefire-plugin/xsd/surefire-test-report.xsd" name="com.german.AppTest" time="0.713" tests="1" errors="0" skipped="0" failures="0">
  <properties>
    <property name="awt.toolkit" value="sun.awt.X11.XToolkit"/>
    <property name="java.specification.version" value="11"/>
    <property name="sun.cpu.isalist" value=""/>
    <property name="sun.jnu.encoding" value="UTF-8"/>
    <property name="java.class.path" value="/workspaces/lab2/lab2/target/test-classes:/workspaces/lab2/lab2/target/classes:/home/vscode/.m2/repository/org/apache/maven/plugins/maven-assembly-plugin/3.3.0/maven-assembly-plugin-3.3.0.jar:/home/vscode/.m2/repository/org/apache/maven/maven-plugin-api/3.0/maven-plugin-api-3.0.jar:/home/vscode/.m2/repository/org/sonatype/sisu/sisu-inject-plexus/1.4.2/sisu-inject-plexus-1.4.2.jar:/home/vscode/.m2/repository/org/sonatype/sisu/sisu-inject-bean/1.4.2/sisu-inject-bean-1.4.2.jar:/home/vscode/.m2/repository/org/sonatype/sisu/sisu-guice/2.1.7/sisu-guice-2.1.7-noaop.jar:/home/vscode/.m2/repository/org/apache/maven/maven-core/3.0/maven-core-3.0.jar:/home/vscode/.m2/repository/org/apache/maven/maven-settings/3.0/maven-settings-3.0.jar:/home/vscode/.m2/repository/org/apache/maven/maven-settings-builder/3.0/maven-settings-builder-3.0.jar:/home/vscode/.m2/repository/org/apache/maven/maven-repository-metadata/3.0/maven-repository-metadata-3.0.jar:/home/vscode/.m2/repository/org/apache/maven/maven-model-builder/3.0/maven-model-builder-3.0.jar:/home/vscode/.m2/repository/org/apache/maven/maven-aether-provider/3.0/maven-aether-provider-3.0.jar:/home/vscode/.m2/repository/org/sonatype/aether/aether-impl/1.7/aether-impl-1.7.jar:/home/vscode/.m2/repository/org/sonatype/aether/aether-spi/1.7/aether-spi-1.7.jar:/home/vscode/.m2/repository/org/sonatype/aether/aether-api/1.7/aether-api-1.7.jar:/home/vscode/.m2/repository/org/sonatype/aether/aether-util/1.7/aether-util-1.7.jar:/home/vscode/.m2/repository/org/codehaus/plexus/plexus-classworlds/2.2.3/plexus-classworlds-2.2.3.jar:/home/vscode/.m2/repository/org/codehaus/plexus/plexus-component-annotations/1.5.5/plexus-component-annotations-1.5.5.jar:/home/vscode/.m2/repository/org/sonatype/plexus/plexus-sec-dispatcher/1.3/plexus-sec-dispatcher-1.3.jar:/home/vscode/.m2/repository/org/sonatype/plexus/plexus-cipher/1.4/plexus-cipher-1.4.jar:/home/vscode/.m2/repository/org/apache/maven/maven-artifact/3.0/maven-artifact-3.0.jar:/home/vscode/.m2/repository/org/apache/maven/maven-model/3.0/maven-model-3.0.jar:/home/vscode/.m2/repository/org/apache/maven/shared/maven-common-artifact-filters/3.1.0/maven-common-artifact-filters-3.1.0.jar:/home/vscode/.m2/repository/org/apache/maven/shared/maven-shared-utils/3.1.0/maven-shared-utils-3.1.0.jar:/home/vscode/.m2/repository/org/apache/maven/shared/maven-artifact-transfer/0.11.0/maven-artifact-transfer-0.11.0.jar:/home/vscode/.m2/repository/org/slf4j/slf4j-api/1.7.5/slf4j-api-1.7.5.jar:/home/vscode/.m2/repository/org/codehaus/plexus/plexus-interpolation/1.25/plexus-interpolation-1.25.jar:/home/vscode/.m2/repository/org/codehaus/plexus/plexus-archiver/4.2.1/plexus-archiver-4.2.1.jar:/home/vscode/.m2/repository/org/apache/commons/commons-compress/1.19/commons-compress-1.19.jar:/home/vscode/.m2/repository/org/iq80/snappy/snappy/0.4/snappy-0.4.jar:/home/vscode/.m2/repository/org/tukaani/xz/1.8/xz-1.8.jar:/home/vscode/.m2/repository/org/apache/maven/shared/file-management/3.0.0/file-management-3.0.0.jar:/home/vscode/.m2/repository/org/apache/maven/shared/maven-shared-io/3.0.0/maven-shared-io-3.0.0.jar:/home/vscode/.m2/repository/org/apache/maven/maven-compat/3.0/maven-compat-3.0.jar:/home/vscode/.m2/repository/org/apache/maven/wagon/wagon-provider-api/2.10/wagon-provider-api-2.10.jar:/home/vscode/.m2/repository/commons-io/commons-io/2.5/commons-io-2.5.jar:/home/vscode/.m2/repository/org/apache/maven/shared/maven-filtering/3.1.1/maven-filtering-3.1.1.jar:/home/vscode/.m2/repository/org/sonatype/plexus/plexus-build-api/0.0.7/plexus-build-api-0.0.7.jar:/home/vscode/.m2/repository/org/codehaus/plexus/plexus-io/3.2.0/plexus-io-3.2.0.jar:/home/vscode/.m2/repository/org/apache/maven/maven-archiver/3.5.0/maven-archiver-3.5.0.jar:/home/vscode/.m2/repository/org/codehaus/plexus/plexus-utils/3.3.0/plexus-utils-3.3.0.jar:/home/vscode/.m2/repository/commons-codec/commons-codec/1.6/commons-codec-1.6.jar:/home/vscode/.m2/repository/junit/junit/4.11/junit-4.11.jar:/home/vscode/.m2/repository/org/hamcrest/hamcrest-core/1.3/hamcrest-core-1.3.jar:/home/vscode/.m2/repository/ru/ifmo/se/pokemon/1.0/pokemon-1.0.jar:"/>
    <property name="java.vm.vendor" value="Oracle Corporation"/>
    <property name="sun.arch.data.model" value="64"/>
    <property name="java.vendor.url" value="https://openjdk.java.net/"/>
    <property name="user.timezone" value=""/>
    <property name="java.vm.specification.version" value="11"/>
    <property name="os.name" value="Linux"/>
    <property name="sun.java.launcher" value="SUN_STANDARD"/>
    <property name="sun.boot.library.path" value="/usr/local/openjdk-11/lib"/>
    <property name="sun.java.command" value="/workspaces/lab2/lab2/target/surefire/surefirebooter5948061107380218855.jar /workspaces/lab2/lab2/target/surefire 2020-12-14T07-13-58_575-jvmRun1 surefire15916131607601941262tmp surefire_06902236204287436236tmp"/>
    <property name="jdk.debug" value="release"/>
    <property name="surefire.test.class.path" value="/workspaces/lab2/lab2/target/test-classes:/workspaces/lab2/lab2/target/classes:/home/vscode/.m2/repository/org/apache/maven/plugins/maven-assembly-plugin/3.3.0/maven-assembly-plugin-3.3.0.jar:/home/vscode/.m2/repository/org/apache/maven/maven-plugin-api/3.0/maven-plugin-api-3.0.jar:/home/vscode/.m2/repository/org/sonatype/sisu/sisu-inject-plexus/1.4.2/sisu-inject-plexus-1.4.2.jar:/home/vscode/.m2/repository/org/sonatype/sisu/sisu-inject-bean/1.4.2/sisu-inject-bean-1.4.2.jar:/home/vscode/.m2/repository/org/sonatype/sisu/sisu-guice/2.1.7/sisu-guice-2.1.7-noaop.jar:/home/vscode/.m2/repository/org/apache/maven/maven-core/3.0/maven-core-3.0.jar:/home/vscode/.m2/repository/org/apache/maven/maven-settings/3.0/maven-settings-3.0.jar:/home/vscode/.m2/repository/org/apache/maven/maven-settings-builder/3.0/maven-settings-builder-3.0.jar:/home/vscode/.m2/repository/org/apache/maven/maven-repository-metadata/3.0/maven-repository-metadata-3.0.jar:/home/vscode/.m2/repository/org/apache/maven/maven-model-builder/3.0/maven-model-builder-3.0.jar:/home/vscode/.m2/repository/org/apache/maven/maven-aether-provider/3.0/maven-aether-provider-3.0.jar:/home/vscode/.m2/repository/org/sonatype/aether/aether-impl/1.7/aether-impl-1.7.jar:/home/vscode/.m2/repository/org/sonatype/aether/aether-spi/1.7/aether-spi-1.7.jar:/home/vscode/.m2/repository/org/sonatype/aether/aether-api/1.7/aether-api-1.7.jar:/home/vscode/.m2/repository/org/sonatype/aether/aether-util/1.7/aether-util-1.7.jar:/home/vscode/.m2/repository/org/codehaus/plexus/plexus-classworlds/2.2.3/plexus-classworlds-2.2.3.jar:/home/vscode/.m2/repository/org/codehaus/plexus/plexus-component-annotations/1.5.5/plexus-component-annotations-1.5.5.jar:/home/vscode/.m2/repository/org/sonatype/plexus/plexus-sec-dispatcher/1.3/plexus-sec-dispatcher-1.3.jar:/home/vscode/.m2/repository/org/sonatype/plexus/plexus-cipher/1.4/plexus-cipher-1.4.jar:/home/vscode/.m2/repository/org/apache/maven/maven-artifact/3.0/maven-artifact-3.0.jar:/home/vscode/.m2/repository/org/apache/maven/maven-model/3.0/maven-model-3.0.jar:/home/vscode/.m2/repository/org/apache/maven/shared/maven-common-artifact-filters/3.1.0/maven-common-artifact-filters-3.1.0.jar:/home/vscode/.m2/repository/org/apache/maven/shared/maven-shared-utils/3.1.0/maven-shared-utils-3.1.0.jar:/home/vscode/.m2/repository/org/apache/maven/shared/maven-artifact-transfer/0.11.0/maven-artifact-transfer-0.11.0.jar:/home/vscode/.m2/repository/org/slf4j/slf4j-api/1.7.5/slf4j-api-1.7.5.jar:/home/vscode/.m2/repository/org/codehaus/plexus/plexus-interpolation/1.25/plexus-interpolation-1.25.jar:/home/vscode/.m2/repository/org/codehaus/plexus/plexus-archiver/4.2.1/plexus-archiver-4.2.1.jar:/home/vscode/.m2/repository/org/apache/commons/commons-compress/1.19/commons-compress-1.19.jar:/home/vscode/.m2/repository/org/iq80/snappy/snappy/0.4/snappy-0.4.jar:/home/vscode/.m2/repository/org/tukaani/xz/1.8/xz-1.8.jar:/home/vscode/.m2/repository/org/apache/maven/shared/file-management/3.0.0/file-management-3.0.0.jar:/home/vscode/.m2/repository/org/apache/maven/shared/maven-shared-io/3.0.0/maven-shared-io-3.0.0.jar:/home/vscode/.m2/repository/org/apache/maven/maven-compat/3.0/maven-compat-3.0.jar:/home/vscode/.m2/repository/org/apache/maven/wagon/wagon-provider-api/2.10/wagon-provider-api-2.10.jar:/home/vscode/.m2/repository/commons-io/commons-io/2.5/commons-io-2.5.jar:/home/vscode/.m2/repository/org/apache/maven/shared/maven-filtering/3.1.1/maven-filtering-3.1.1.jar:/home/vscode/.m2/repository/org/sonatype/plexus/plexus-build-api/0.0.7/plexus-build-api-0.0.7.jar:/home/vscode/.m2/repository/org/codehaus/plexus/plexus-io/3.2.0/plexus-io-3.2.0.jar:/home/vscode/.m2/repository/org/apache/maven/maven-archiver/3.5.0/maven-archiver-3.5.0.jar:/home/vscode/.m2/repository/org/codehaus/plexus/plexus-utils/3.3.0/plexus-utils-3.3.0.jar:/home/vscode/.m2/repository/commons-codec/commons-codec/1.6/commons-codec-1.6.jar:/home/vscode/.m2/repository/junit/junit/4.11/junit-4.11.jar:/home/vscode/.m2/repository/org/hamcrest/hamcrest-core/1.3/hamcrest-core-1.3.jar:/home/vscode/.m2/repository/ru/ifmo/se/pokemon/1.0/pokemon-1.0.jar:"/>
    <property name="sun.cpu.endian" value="little"/>
    <property name="user.home" value="/home/vscode"/>
    <property name="user.language" value="en"/>
    <property name="java.specification.vendor" value="Oracle Corporation"/>
    <property name="java.version.date" value="2020-11-04"/>
    <property name="java.home" value="/usr/local/openjdk-11"/>
    <property name="file.separator" value="/"/>
    <property name="basedir" value="/workspaces/lab2/lab2"/>
    <property name="java.vm.compressedOopsMode" value="32-bit"/>
    <property name="line.separator" value="&#10;"/>
    <property name="java.specification.name" value="Java Platform API Specification"/>
    <property name="java.vm.specification.vendor" value="Oracle Corporation"/>
    <property name="java.awt.graphicsenv" value="sun.awt.X11GraphicsEnvironment"/>
    <property name="surefire.real.class.path" value="/workspaces/lab2/lab2/target/surefire/surefirebooter5948061107380218855.jar"/>
    <property name="sun.management.compiler" value="HotSpot 64-Bit Tiered Compilers"/>
    <property name="java.runtime.version" value="11.0.9.1+1"/>
    <property name="user.name" value="vscode"/>
    <property name="path.separator" value=":"/>
    <property name="os.version" value="4.19.121-linuxkit"/>
    <property name="java.runtime.name" value="OpenJDK Runtime Environment"/>
    <property name="file.encoding" value="UTF-8"/>
    <property name="java.vm.name" value="OpenJDK 64-Bit Server VM"/>
    <property name="java.vendor.version" value="18.9"/>
    <property name="localRepository" value="/home/vscode/.m2/repository"/>
    <property name="java.vendor.url.bug" value="https://bugreport.java.com/bugreport/"/>
    <property name="java.io.tmpdir" value="/tmp"/>
    <property name="java.version" value="11.0.9.1"/>
    <property name="user.dir" value="/workspaces/lab2/lab2"/>
    <property name="os.arch" value="amd64"/>
    <property name="java.vm.specification.name" value="Java Virtual Machine Specification"/>
    <property name="java.awt.printerjob" value="sun.print.PSPrinterJob"/>
    <property name="sun.os.patch.level" value="unknown"/>
    <property name="java.library.path" value="/usr/java/packages/lib:/usr/lib64:/lib64:/lib:/usr/lib"/>
    <property name="java.vm.info" value="mixed mode"/>
    <property name="java.vendor" value="Oracle Corporation"/>
    <property name="java.vm.version" value="11.0.9.1+1"/>
    <property name="sun.io.unicode.encoding" value="UnicodeLittle"/>
    <property name="java.class.version" value="55.0"/>
  </properties>
  <testcase name="shouldAnswerWithTrue" classname="com.german.AppTest" time="0.015"/>
</testsuite>